<?xml version="1.0" encoding="UTF-8"?>
<testsuite name="org.util.fechasTest.FechasTest" tests="1" skipped="0" failures="0" errors="0" timestamp="2018-01-12T18:41:00" hostname="DESKTOP-BD43J8F" time="0.027">
  <properties/>
  <testcase name="getDiaActual" classname="org.util.fechasTest.FechasTest" time="0.027"/>
  <system-out><![CDATA[]]></system-out>
  <system-err><![CDATA[]]></system-err>
</testsuite>
