<?xml version="1.0" encoding="UTF-8"?>
<testsuite name="org.excepcionestest.VehiculoExceptionTest" tests="2" skipped="0" failures="0" errors="0" timestamp="2018-01-11T22:23:37" hostname="DESKTOP-BD43J8F" time="0.005">
  <properties/>
  <testcase name="VehiculoException" classname="org.excepcionestest.VehiculoExceptionTest" time="0.005"/>
  <testcase name="VehiculoException2" classname="org.excepcionestest.VehiculoExceptionTest" time="0.0"/>
  <system-out><![CDATA[]]></system-out>
  <system-err><![CDATA[]]></system-err>
</testsuite>
