<?xml version="1.0" encoding="UTF-8"?>
<testsuite name="org.excepcionestest.VehiculoExceptionTest" tests="2" skipped="0" failures="0" errors="0" timestamp="2018-01-12T18:41:00" hostname="DESKTOP-BD43J8F" time="0.003">
  <properties/>
  <testcase name="VehiculoException" classname="org.excepcionestest.VehiculoExceptionTest" time="0.003"/>
  <testcase name="VehiculoException2" classname="org.excepcionestest.VehiculoExceptionTest" time="0.0"/>
  <system-out><![CDATA[]]></system-out>
  <system-err><![CDATA[]]></system-err>
</testsuite>
