<?xml version="1.0" encoding="UTF-8"?>
<testsuite name="co.com.persistenciaimplementaciontest.EstacionamientoRepositoryTest" tests="6" skipped="0" failures="0" errors="0" timestamp="2018-01-12T13:31:46" hostname="DESKTOP-BD43J8F" time="0.436">
  <properties/>
  <testcase name="getFailTest" classname="co.com.persistenciaimplementaciontest.EstacionamientoRepositoryTest" time="0.341"/>
  <testcase name="guardarTestFail" classname="co.com.persistenciaimplementaciontest.EstacionamientoRepositoryTest" time="0.046"/>
  <testcase name="getAllTest" classname="co.com.persistenciaimplementaciontest.EstacionamientoRepositoryTest" time="0.036"/>
  <testcase name="guardarTestOk" classname="co.com.persistenciaimplementaciontest.EstacionamientoRepositoryTest" time="0.002"/>
  <testcase name="getOkTest" classname="co.com.persistenciaimplementaciontest.EstacionamientoRepositoryTest" time="0.003"/>
  <testcase name="deleteTest" classname="co.com.persistenciaimplementaciontest.EstacionamientoRepositoryTest" time="0.006"/>
  <system-out><![CDATA[]]></system-out>
  <system-err><![CDATA[]]></system-err>
</testsuite>
