<?xml version="1.0" encoding="UTF-8"?>
<testsuite name="co.com.persistenciaimplementaciontest.VehiculoRepositoryTest" tests="5" skipped="0" failures="0" errors="0" timestamp="2018-01-11T22:15:04" hostname="DESKTOP-BD43J8F" time="0.029">
  <properties/>
  <testcase name="getFailTest" classname="co.com.persistenciaimplementaciontest.VehiculoRepositoryTest" time="0.021"/>
  <testcase name="findByPlacaWithEstacionamientoFailTest" classname="co.com.persistenciaimplementaciontest.VehiculoRepositoryTest" time="0.003"/>
  <testcase name="findByPlacaWithEstacionamientoTest" classname="co.com.persistenciaimplementaciontest.VehiculoRepositoryTest" time="0.002"/>
  <testcase name="getOkTest" classname="co.com.persistenciaimplementaciontest.VehiculoRepositoryTest" time="0.001"/>
  <testcase name="guardarTest" classname="co.com.persistenciaimplementaciontest.VehiculoRepositoryTest" time="0.002"/>
  <system-out><![CDATA[]]></system-out>
  <system-err><![CDATA[]]></system-err>
</testsuite>
