<?xml version="1.0" encoding="UTF-8"?>
<testsuite name="co.com.persistenciaimplementaciontest.EstacionamientoRepositoryTest" tests="6" skipped="0" failures="0" errors="0" timestamp="2018-01-12T14:13:12" hostname="DESKTOP-BD43J8F" time="0.375">
  <properties/>
  <testcase name="getFailTest" classname="co.com.persistenciaimplementaciontest.EstacionamientoRepositoryTest" time="0.302"/>
  <testcase name="guardarTestFail" classname="co.com.persistenciaimplementaciontest.EstacionamientoRepositoryTest" time="0.032"/>
  <testcase name="getAllTest" classname="co.com.persistenciaimplementaciontest.EstacionamientoRepositoryTest" time="0.03"/>
  <testcase name="guardarTestOk" classname="co.com.persistenciaimplementaciontest.EstacionamientoRepositoryTest" time="0.002"/>
  <testcase name="getOkTest" classname="co.com.persistenciaimplementaciontest.EstacionamientoRepositoryTest" time="0.002"/>
  <testcase name="deleteTest" classname="co.com.persistenciaimplementaciontest.EstacionamientoRepositoryTest" time="0.004"/>
  <system-out><![CDATA[]]></system-out>
  <system-err><![CDATA[]]></system-err>
</testsuite>
