<?xml version="1.0" encoding="UTF-8"?>
<testsuite name="co.com.persistenciaimplementaciontest.VehiculoRepositoryTest" tests="6" skipped="0" failures="0" errors="0" timestamp="2018-01-12T14:13:12" hostname="DESKTOP-BD43J8F" time="0.027">
  <properties/>
  <testcase name="getFailTest" classname="co.com.persistenciaimplementaciontest.VehiculoRepositoryTest" time="0.016"/>
  <testcase name="findByPlacaWithEstacionamientoFailTest" classname="co.com.persistenciaimplementaciontest.VehiculoRepositoryTest" time="0.002"/>
  <testcase name="findByPlacaWithEstacionamientoFailNULLEstacionamientoTest" classname="co.com.persistenciaimplementaciontest.VehiculoRepositoryTest" time="0.002"/>
  <testcase name="findByPlacaWithEstacionamientoTest" classname="co.com.persistenciaimplementaciontest.VehiculoRepositoryTest" time="0.002"/>
  <testcase name="getOkTest" classname="co.com.persistenciaimplementaciontest.VehiculoRepositoryTest" time="0.002"/>
  <testcase name="guardarTest" classname="co.com.persistenciaimplementaciontest.VehiculoRepositoryTest" time="0.001"/>
  <system-out><![CDATA[]]></system-out>
  <system-err><![CDATA[]]></system-err>
</testsuite>
