<?xml version="1.0" encoding="UTF-8"?>
<testsuite name="co.com.testUnitarias.VigilanteTest" tests="5" skipped="0" failures="0" errors="0" timestamp="2018-01-11T16:10:38" hostname="DESKTOP-BD43J8F" time="0.42">
  <properties/>
  <testcase name="ValidarPlacaFailTest" classname="co.com.testUnitarias.VigilanteTest" time="0.308"/>
  <testcase name="RegistrarVehiculoTest" classname="co.com.testUnitarias.VigilanteTest" time="0.05"/>
  <testcase name="ValidarDisponibilidadFail" classname="co.com.testUnitarias.VigilanteTest" time="0.049"/>
  <testcase name="ValidarDisponibilidad" classname="co.com.testUnitarias.VigilanteTest" time="0.011"/>
  <testcase name="ValidarPlacaOKTest" classname="co.com.testUnitarias.VigilanteTest" time="0.001"/>
  <system-out><![CDATA[]]></system-out>
  <system-err><![CDATA[]]></system-err>
</testsuite>
