<?xml version="1.0" encoding="UTF-8"?>
<testsuite name="co.com.testUnitarias.VigilanteTest" tests="10" skipped="0" failures="0" errors="0" timestamp="2018-01-11T20:11:41" hostname="DESKTOP-BD43J8F" time="0.467">
  <properties/>
  <testcase name="ValidarPlacaFailTest" classname="co.com.testUnitarias.VigilanteTest" time="0.345"/>
  <testcase name="RegistrarVehiculoTest" classname="co.com.testUnitarias.VigilanteTest" time="0.043"/>
  <testcase name="crearFacturaOkTest" classname="co.com.testUnitarias.VigilanteTest" time="0.003"/>
  <testcase name="ValidarDisponibilidadFail" classname="co.com.testUnitarias.VigilanteTest" time="0.05"/>
  <testcase name="salidaVehiculoOkTest" classname="co.com.testUnitarias.VigilanteTest" time="0.004"/>
  <testcase name="salidaVehiculoFailTest" classname="co.com.testUnitarias.VigilanteTest" time="0.001"/>
  <testcase name="ValidarDisponibilidad" classname="co.com.testUnitarias.VigilanteTest" time="0.015"/>
  <testcase name="salidaVehiculoFailFechaSalidaMenorTest" classname="co.com.testUnitarias.VigilanteTest" time="0.001"/>
  <testcase name="ValidarPlacaOKTest" classname="co.com.testUnitarias.VigilanteTest" time="0.001"/>
  <testcase name="findAllVehiculosOkTest" classname="co.com.testUnitarias.VigilanteTest" time="0.001"/>
  <system-out><![CDATA[]]></system-out>
  <system-err><![CDATA[]]></system-err>
</testsuite>
